<?xml version="1.0" encoding="UTF-8" ?>
<testsuite tests="7" failures="0" name="com.wcg.remotecc.utils.InputParserTest" time="0.003" errors="0" skipped="0">
  <properties>
[...]
</properties>
  <testcase classname="com.wcg.remotecc.utils.InputParserTest" name="givenACompleteStringInputWhenTheInputParserIsInvokedThenACarIsPlacedInTheGridAndTheGivenCommandsAreExecuted" time="0.001"/>
  <testcase classname="com.wcg.remotecc.utils.InputParserTest" name="givenACommandsStringInputWhenTheInputParserIsInvokedThenACommandListWithGivenCommandsIsCreated" time="0"/>
  <testcase classname="com.wcg.remotecc.utils.InputParserTest" name="givenAnIncompletePositionStringInputWhenTheInputParserIsInvokedThenAIllegalArgumentExceptionIsThrown" time="0"/>
  <testcase classname="com.wcg.remotecc.utils.InputParserTest" name="givenAPositionStringInputWhenTheInputParserIsInvokedThenAPositionWithGivenCoordinatesIsCreated" time="0.001"/>
  <testcase classname="com.wcg.remotecc.utils.InputParserTest" name="givenAnUnknownCommandStringInputWhenTheInputParserIsInvokedThenAnUnknownCommandExceptionArises" time="0"/>
  <testcase classname="com.wcg.remotecc.utils.InputParserTest" name="givenAPositionStringInputWithMoreIntsWhenTheInputParserIsInvokedThenAIllegalArgumentExceptionIsThrown" time="0.001"/>
  <testcase classname="com.wcg.remotecc.utils.InputParserTest" name="givenAnInvalidPositionDefinitionInputStringWhenTheInputParserIsInvokedThenAIllegalArgumentExceptionIsThrown" time="0"/>
</testsuite>